2025-01-26 11:36:31,619 - INFO - Sales fact table loading started...
2025-01-26 11:36:31,620 - INFO - The query being exeuted is:
2025-01-26 11:36:31,620 - INFO - insert into fact_sales(sales_id,product_id,store_id,quantity,total_sales,sale_date) 
            select sales_id,product_id,store_id,quantity,total_sales,sale_date from sales_with_details
2025-01-26 11:36:31,638 - INFO - Sales fact table loading completed...
2025-01-26 11:36:31,639 - INFO - inventory fact table loading started...
2025-01-26 11:36:31,639 - INFO - The query being exeuted is:
2025-01-26 11:36:31,639 - INFO - insert into fact_inventory(product_id,store_id,quantity_on_hand,last_updated)
            select product_id,store_id,quantity_on_hand,last_updated from staging_inventory;
2025-01-26 11:36:31,657 - INFO - inventory fact table loading completed...
2025-01-26 11:36:31,657 - INFO - monthly_sales_summary table loading started...
2025-01-26 11:36:31,657 - INFO - The query being exeuted is:
2025-01-26 11:36:31,657 - INFO - insert into monthly_sales_summary(product_id,month,year,total_sales)
            select product_id,month,year,total_sales from monthly_sales_summary_source;
2025-01-26 11:36:31,675 - INFO - monthly_sales_summary table loading completed...
2025-01-26 11:36:31,677 - INFO - inventory_levels_by_store table loading started...
2025-01-26 11:36:31,677 - INFO - The query being exeuted is:
2025-01-26 11:36:31,677 - INFO - insert into inventory_levels_by_stor(store_id,total_inventory) select store_id,total_quantity_per_store from aggregated_inventory_level;
2025-01-26 11:42:54,229 - INFO - Sales fact table loading started...
2025-01-26 11:42:54,229 - INFO - The query being exeuted is:
2025-01-26 11:42:54,229 - INFO - insert into fact_sales(sales_id,product_id,store_id,quantity,total_sales,sale_date) 
            select sales_id,product_id,store_id,quantity,total_sales,sale_date from sales_with_details
2025-01-26 11:42:54,245 - INFO - Sales fact table loading completed...
2025-01-26 11:42:54,246 - INFO - inventory fact table loading started...
2025-01-26 11:42:54,246 - INFO - The query being exeuted is:
2025-01-26 11:42:54,247 - INFO - insert into fact_inventory(product_id,store_id,quantity_on_hand,last_updated)
            select product_id,store_id,quantity_on_hand,last_updated from staging_inventory;
2025-01-26 11:42:54,256 - INFO - inventory fact table loading completed...
2025-01-26 11:42:54,257 - INFO - monthly_sales_summary table loading started...
2025-01-26 11:42:54,257 - INFO - The query being exeuted is:
2025-01-26 11:42:54,257 - INFO - insert into monthly_sales_summary(product_id,month,year,total_sales)
            select product_id,month,year,total_sales from monthly_sales_summary_source;
2025-01-26 11:42:54,267 - INFO - monthly_sales_summary table loading completed...
2025-01-26 11:42:54,268 - INFO - inventory_levels_by_store table loading started...
2025-01-26 11:42:54,268 - INFO - The query being exeuted is:
2025-01-26 11:42:54,268 - INFO - insert into inventory_levels_by_store(store_id,total_inventory) select store_id,total_quantity_per_store from aggregated_inventory_level;
2025-01-26 11:42:54,288 - INFO - inventory_levels_by_store table loading completed...
